  对角线找消影.cpp
E:\desktop\computerVision\transform\eigen3\Eigen\src\Core\arch\Default\Half.h(1,1): warning C4819: 该文件包含不能在当前代码页(936)中表示的字符。请将该文件保存为 Unicode 格式以防止数据丢失
E:\desktop\computerVision\transform\eigen3\Eigen\src\Core\arch\Default\BFloat16.h(1,1): warning C4819: 该文件包含不能在当前代码页(936)中表示的字符。请将该文件保存为 Unicode 格式以防止数据丢失
E:\desktop\computerVision\transform\eigen3\Eigen\src\Core\arch\Default\GenericPacketMathFunctions.h(676,1): warning C4819: 该文件包含不能在当前代码页(936)中表示的字符。请将该文件保存为 Unicode 格式以防止数据丢失
E:\desktop\computerVision\transform\对角线找消影.cpp(27,13): warning C4244: “初始化”: 从“double”转换到“float”，可能丢失数据
E:\desktop\computerVision\transform\对角线找消影.cpp(28,13): warning C4244: “初始化”: 从“double”转换到“float”，可能丢失数据
E:\desktop\computerVision\transform\对角线找消影.cpp(29,13): warning C4244: “初始化”: 从“double”转换到“float”，可能丢失数据
E:\desktop\computerVision\transform\对角线找消影.cpp(30,13): warning C4244: “初始化”: 从“double”转换到“float”，可能丢失数据
E:\desktop\computerVision\transform\对角线找消影.cpp(245,13): warning C4244: “初始化”: 从“double”转换到“int”，可能丢失数据
E:\desktop\computerVision\transform\对角线找消影.cpp(247,43): warning C4244: “参数”: 从“int”转换到“_Tp”，可能丢失数据
          with
          [
              _Tp=float
          ]
E:\desktop\computerVision\transform\对角线找消影.cpp(248,43): warning C4244: “参数”: 从“int”转换到“_Tp”，可能丢失数据
          with
          [
              _Tp=float
          ]
E:\desktop\computerVision\transform\对角线找消影.cpp(332,10): warning C4244: “参数”: 从“_Ty”转换到“const float”，可能丢失数据
          with
          [
              _Ty=double
          ]
E:\desktop\computerVision\transform\对角线找消影.cpp(332,16): warning C4244: “参数”: 从“_Ty”转换到“const float”，可能丢失数据
          with
          [
              _Ty=double
          ]
E:\desktop\computerVision\transform\对角线找消影.cpp(333,7): warning C4244: “参数”: 从“_Ty”转换到“const float”，可能丢失数据
          with
          [
              _Ty=double
          ]
E:\desktop\computerVision\transform\对角线找消影.cpp(333,13): warning C4244: “参数”: 从“_Ty”转换到“const float”，可能丢失数据
          with
          [
              _Ty=double
          ]
E:\desktop\computerVision\transform\对角线找消影.cpp(358,15): warning C4244: “初始化”: 从“float”转换到“int”，可能丢失数据
E:\desktop\computerVision\transform\对角线找消影.cpp(360,46): warning C4244: “参数”: 从“int”转换到“_Tp”，可能丢失数据
          with
          [
              _Tp=float
          ]
E:\desktop\computerVision\transform\对角线找消影.cpp(361,46): warning C4244: “参数”: 从“int”转换到“_Tp”，可能丢失数据
          with
          [
              _Tp=float
          ]
  screw1.vcxproj -> E:\desktop\computerVision\transform\x64\Debug\transform.exe
